<?xml version="1.0" encoding="UTF-8"?>
<testng-results skipped="0" failed="0" ignored="0" total="1" passed="1">
  <reporter-output>
  </reporter-output>
  <suite name="Default suite" duration-ms="48883" started-at="2020-02-12T18:04:06 GMT" finished-at="2020-02-12T18:04:55 GMT">
    <groups>
    </groups>
    <test name="Default test" duration-ms="48883" started-at="2020-02-12T18:04:06 GMT" finished-at="2020-02-12T18:04:55 GMT">
      <class name="testNG.PetSM_AddToBasket">
        <test-method status="PASS" signature="beforeClass()[pri:0, instance:testNG.PetSM_AddToBasket@6f1fba17]" name="beforeClass" is-config="true" duration-ms="14106" started-at="2020-02-12T18:04:06 GMT" finished-at="2020-02-12T18:04:20 GMT">
          <reporter-output>
          </reporter-output>
        </test-method> <!-- beforeClass -->
        <test-method status="PASS" signature="f()[pri:0, instance:testNG.PetSM_AddToBasket@6f1fba17]" name="f" duration-ms="34656" started-at="2020-02-12T18:04:20 GMT" finished-at="2020-02-12T18:04:55 GMT">
          <reporter-output>
          </reporter-output>
        </test-method> <!-- f -->
        <test-method status="PASS" signature="afterMethod()[pri:0, instance:testNG.PetSM_AddToBasket@6f1fba17]" name="afterMethod" is-config="true" duration-ms="0" started-at="2020-02-12T18:04:55 GMT" finished-at="2020-02-12T18:04:55 GMT">
          <reporter-output>
          </reporter-output>
        </test-method> <!-- afterMethod -->
        <test-method status="PASS" signature="afterClass()[pri:0, instance:testNG.PetSM_AddToBasket@6f1fba17]" name="afterClass" is-config="true" duration-ms="0" started-at="2020-02-12T18:04:55 GMT" finished-at="2020-02-12T18:04:55 GMT">
          <reporter-output>
          </reporter-output>
        </test-method> <!-- afterClass -->
      </class> <!-- testNG.PetSM_AddToBasket -->
    </test> <!-- Default test -->
  </suite> <!-- Default suite -->
</testng-results>
